\BOOKMARK [1][-]{section.1}{\376\377\000I\000n\000t\000r\000o\000d\000u\000c\000t\000i\000o\000n}{}% 1
\BOOKMARK [1][-]{section.2}{\376\377\000D\000a\000t\000a\000s\000e\000t}{}% 2
\BOOKMARK [2][-]{subsection.2.1}{\376\377\000U\000A\000V\000\040\000S\000u\000g\000a\000r\000c\000a\000n\000e\000\040\000S\000e\000g\000m\000e\000n\000t\000a\000t\000i\000o\000n}{section.2}% 3
\BOOKMARK [1][-]{section.3}{\376\377\000B\000a\000c\000k\000b\000o\000n\000e\000\040\000A\000r\000c\000h\000i\000t\000e\000c\000t\000u\000r\000e\000s}{}% 4
\BOOKMARK [2][-]{subsection.3.1}{\376\377\000D\000e\000e\000p\000F\000C\000N}{section.3}% 5
\BOOKMARK [2][-]{subsection.3.2}{\376\377\000U\000-\000N\000e\000t\000\040\000B\000a\000c\000k\000b\000o\000n\000e}{section.3}% 6
\BOOKMARK [1][-]{section.4}{\376\377\000S\000e\000g\000m\000e\000n\000t\000a\000t\000i\000o\000n\000\040\000H\000e\000a\000d\000s}{}% 7
\BOOKMARK [2][-]{subsection.4.1}{\376\377\000V\000a\000n\000i\000l\000l\000a\000\040\000\050\000U\000-\000N\000e\000t\000\040\000b\000a\000s\000e\000l\000i\000n\000e\000\040\000o\000n\000l\000y\000\051}{section.4}% 8
\BOOKMARK [2][-]{subsection.4.2}{\376\377\000E\000u\000c\000l\000i\000d\000e\000a\000n\000\040\000\050\000B\000a\000s\000e\000l\000i\000n\000e\000\051}{section.4}% 9
\BOOKMARK [2][-]{subsection.4.3}{\376\377\000H\000y\000p\000e\000r\000b\000o\000l\000i\000c\000\040\000\050\000G\000a\000n\000e\000a\000\040\000/\000\040\000A\000t\000i\000g\000h\000\040\000B\000a\000s\000e\000l\000i\000n\000e\000\051}{section.4}% 10
\BOOKMARK [2][-]{subsection.4.4}{\376\377\000P\000o\000n\000t\000r\000y\000a\000g\000i\000n\000\040\000\050\000T\000h\000i\000s\000\040\000W\000o\000r\000k\000\051}{section.4}% 11
\BOOKMARK [1][-]{section.5}{\376\377\000L\000o\000s\000s\000\040\000F\000u\000n\000c\000t\000i\000o\000n}{}% 12
\BOOKMARK [1][-]{section.6}{\376\377\000T\000r\000a\000i\000n\000i\000n\000g\000\040\000P\000r\000o\000t\000o\000c\000o\000l}{}% 13
\BOOKMARK [1][-]{section.7}{\376\377\000H\000y\000p\000e\000r\000p\000a\000r\000a\000m\000e\000t\000e\000r\000\040\000O\000p\000t\000i\000m\000i\000s\000a\000t\000i\000o\000n}{}% 14
\BOOKMARK [2][-]{subsection.7.1}{\376\377\000F\000C\000N\000\040\000e\000x\000p\000e\000r\000i\000m\000e\000n\000t\000s}{section.7}% 15
\BOOKMARK [2][-]{subsection.7.2}{\376\377\000U\000-\000N\000e\000t\000\040\000e\000x\000p\000e\000r\000i\000m\000e\000n\000t\000s}{section.7}% 16
\BOOKMARK [1][-]{section.8}{\376\377\000E\000v\000a\000l\000u\000a\000t\000i\000o\000n\000\040\000M\000e\000t\000r\000i\000c\000s}{}% 17
\BOOKMARK [1][-]{section.9}{\376\377\000I\000n\000t\000e\000r\000p\000r\000e\000t\000a\000b\000i\000l\000i\000t\000y\000:\000\040\000S\000e\000g\000S\000c\000o\000r\000e\000C\000A\000M}{}% 18
\BOOKMARK [2][-]{subsection.9.1}{\376\377\000M\000o\000t\000i\000v\000a\000t\000i\000o\000n}{section.9}% 19
\BOOKMARK [2][-]{subsection.9.2}{\376\377\000S\000e\000g\000S\000c\000o\000r\000e\000C\000A\000M}{section.9}% 20
\BOOKMARK [2][-]{subsection.9.3}{\376\377\000I\000n\000t\000e\000r\000p\000r\000e\000t\000a\000b\000i\000l\000i\000t\000y\000\040\000M\000e\000t\000r\000i\000c\000s}{section.9}% 21
\BOOKMARK [2][-]{subsection.9.4}{\376\377\000I\000n\000t\000e\000r\000p\000r\000e\000t\000a\000b\000i\000l\000i\000t\000y\000\040\000R\000e\000s\000u\000l\000t\000s}{section.9}% 22
\BOOKMARK [1][-]{section.10}{\376\377\000D\000i\000s\000c\000u\000s\000s\000i\000o\000n}{}% 23
\BOOKMARK [1][-]{section.11}{\376\377\000C\000o\000n\000c\000l\000u\000s\000i\000o\000n}{}% 24
